[debug] [2026-02-23T18:59:08.234Z] ----------------------------------------------------------------------
[debug] [2026-02-23T18:59:08.239Z] Command:       C:\Program Files\nodejs\node.exe C:\Users\PAVILION\AppData\Roaming\npm\node_modules\firebase-tools\lib\bin\firebase.js init
[debug] [2026-02-23T18:59:08.239Z] CLI Version:   15.7.0
[debug] [2026-02-23T18:59:08.240Z] Platform:      win32
[debug] [2026-02-23T18:59:08.240Z] Node Version:  v20.18.0
[debug] [2026-02-23T18:59:08.240Z] Time:          Mon Feb 23 2026 12:59:08 GMT-0600 (hora estándar central)
[debug] [2026-02-23T18:59:08.240Z] ----------------------------------------------------------------------
[debug] 
[warn] !  JSON error trying to load C:\Users\PAVILION\Desktop\Pericoapa\Página Web\web page\GA-Stilus\.firebaserc 
[info] 
     ######## #### ########  ######## ########     ###     ######  ########
     ##        ##  ##     ## ##       ##     ##  ##   ##  ##       ##
     ######    ##  ########  ######   ########  #########  ######  ######
     ##        ##  ##    ##  ##       ##     ## ##     ##       ## ##
     ##       #### ##     ## ######## ########  ##     ##  ######  ########

You're about to initialize a Firebase project in this directory:

  C:\Users\PAVILION\Desktop\Pericoapa\Página Web\web page\GA-Stilus

[debug] [2026-02-23T18:59:15.108Z] ExitPromptError: User force closed the prompt with SIGINT
    at Interface.sigint (C:\Users\PAVILION\AppData\Roaming\npm\node_modules\firebase-tools\node_modules\@inquirer\core\dist\commonjs\lib\create-prompt.js:101:37)
    at Interface.emit (node:events:519:28)
    at [_ttyWrite] [as _ttyWrite] (node:internal/readline/interface:1126:18)
    at ReadStream.onkeypress (node:internal/readline/interface:265:20)
    at ReadStream.emit (node:events:531:35)
    at emitKeys (node:internal/readline/utils:371:14)
    at emitKeys.next (<anonymous>)
    at ReadStream.onData (node:internal/readline/emitKeypressEvents:64:36)
    at ReadStream.emit (node:events:519:28)
    at addChunk (node:internal/streams/readable:559:12)
[error] 
[error] Error: An unexpected error has occurred.
